[01m[K/home/mihirlaud/catkin_ws/src/offb/src/offb_node.cpp:[m[K In function â€˜[01m[Kint main(int, char**)[m[Kâ€™:
[01m[K/home/mihirlaud/catkin_ws/src/offb/src/offb_node.cpp:40:67:[m[K [01;31m[Kerror: [m[Kâ€˜[01m[KManualControl[m[Kâ€™ is not a member of â€˜[01m[Kmavros_msgs[m[Kâ€™
     ros::Publisher manual_control_pub = nh.advertise<mavros_msgs::[01;31m[KManualControl[m[K>("mavros/manual_control/send", 10);
                                                                   [01;31m[K^~~~~~~~~~~~~[m[K
[01m[K/home/mihirlaud/catkin_ws/src/offb/src/offb_node.cpp:40:67:[m[K [01;31m[Kerror: [m[Kâ€˜[01m[KManualControl[m[Kâ€™ is not a member of â€˜[01m[Kmavros_msgs[m[Kâ€™
[01m[K/home/mihirlaud/catkin_ws/src/offb/src/offb_node.cpp:40:114:[m[K [01;31m[Kerror: [m[Kno matching function for call to â€˜[01m[Kros::NodeHandle::advertise<<expression error> >(const char [27], int)[m[Kâ€™
     ros::Publisher manual_control_pub = nh.advertise<mavros_msgs::ManualControl>("mavros/manual_control/send", 10[01;31m[K)[m[K;
                                                                                                                  [01;31m[K^[m[K
In file included from [01m[K/opt/ros/melodic/include/ros/ros.h:45:0[m[K,
                 from [01m[K/home/mihirlaud/catkin_ws/src/offb/src/offb_node.cpp:7[m[K:
[01m[K/opt/ros/melodic/include/ros/node_handle.h:249:15:[m[K [01;36m[Knote: [m[Kcandidate: template<class M> ros::Publisher ros::NodeHandle::advertise(const string&, uint32_t, bool)
     Publisher [01;36m[Kadvertise[m[K(const std::string& topic, uint32_t queue_size, bool latch = false)
               [01;36m[K^~~~~~~~~[m[K
[01m[K/opt/ros/melodic/include/ros/node_handle.h:249:15:[m[K [01;36m[Knote: [m[K  template argument deduction/substitution failed:
[01m[K/home/mihirlaud/catkin_ws/src/offb/src/offb_node.cpp:40:114:[m[K [01;31m[Kerror: [m[Ktemplate argument 1 is invalid
     ros::Publisher manual_control_pub = nh.advertise<mavros_msgs::ManualControl>("mavros/manual_control/send", 10[01;31m[K)[m[K;
                                                                                                                  [01;31m[K^[m[K
In file included from [01m[K/opt/ros/melodic/include/ros/ros.h:45:0[m[K,
                 from [01m[K/home/mihirlaud/catkin_ws/src/offb/src/offb_node.cpp:7[m[K:
[01m[K/opt/ros/melodic/include/ros/node_handle.h:315:13:[m[K [01;36m[Knote: [m[Kcandidate: template<class M> ros::Publisher ros::NodeHandle::advertise(const string&, uint32_t, const SubscriberStatusCallback&, const SubscriberStatusCallback&, const VoidConstPtr&, bool)
   Publisher [01;36m[Kadvertise[m[K(const std::string& topic, uint32_t queue_size,
             [01;36m[K^~~~~~~~~[m[K
[01m[K/opt/ros/melodic/include/ros/node_handle.h:315:13:[m[K [01;36m[Knote: [m[K  template argument deduction/substitution failed:
[01m[K/home/mihirlaud/catkin_ws/src/offb/src/offb_node.cpp:40:114:[m[K [01;31m[Kerror: [m[Ktemplate argument 1 is invalid
     ros::Publisher manual_control_pub = nh.advertise<mavros_msgs::ManualControl>("mavros/manual_control/send", 10[01;31m[K)[m[K;
                                                                                                                  [01;31m[K^[m[K
[01m[K/home/mihirlaud/catkin_ws/src/offb/src/offb_node.cpp:71:18:[m[K [01;31m[Kerror: [m[Kâ€˜[01m[KManualControl[m[Kâ€™ is not a member of â€˜[01m[Kmavros_msgs[m[Kâ€™
     mavros_msgs::[01;31m[KManualControl[m[K control;
                  [01;31m[K^~~~~~~~~~~~~[m[K
[01m[K/home/mihirlaud/catkin_ws/src/offb/src/offb_node.cpp:72:5:[m[K [01;31m[Kerror: [m[Kâ€˜[01m[Kcontrol[m[Kâ€™ was not declared in this scope
     [01;31m[Kcontrol[m[K.z = 1;
     [01;31m[K^~~~~~~[m[K
In file included from [01m[K/opt/ros/melodic/include/ros/ros.h:40:0[m[K,
                 from [01m[K/home/mihirlaud/catkin_ws/src/offb/src/offb_node.cpp:7[m[K:
[01m[K/opt/ros/melodic/include/ros/console.h:348:176:[m[K [01;35m[Kwarning: [m[Kformat â€˜[01m[K%s[m[Kâ€™ expects argument of type â€˜[01m[Kchar*[m[Kâ€™, but argument 8 has type â€˜[01m[Kmavros_msgs::State_<std::allocator<void> >::_mode_type {aka std::__cxx11::basic_string<char>}[m[Kâ€™ [[01;35m[K-Wformat=[m[K]
     ::ros::console::print(filter, __rosconsole_define_location__loc.logger_, __rosconsole_define_location__loc.level_, __FILE__, __LINE__, __ROSCONSOLE_FUNCTION__, __VA_ARGS__[01;35m[K)[m[K
                                                                                                                                                                                [01;35m[K^[m[K
[01m[K/opt/ros/melodic/include/ros/console.h:351:5:[m[K [01;36m[Knote: [m[Kin expansion of macro â€˜[01m[KROSCONSOLE_PRINT_AT_LOCATION_WITH_FILTER[m[Kâ€™
     [01;36m[KROSCONSOLE_PRINT_AT_LOCATION_WITH_FILTER[m[K(NULL, __VA_ARGS__)
     [01;36m[K^~~~~~~~~~~~~~~~~~~~~~~~~~~~~~~~~~~~~~~~[m[K
[01m[K/opt/ros/melodic/include/ros/console.h:387:7:[m[K [01;36m[Knote: [m[Kin expansion of macro â€˜[01m[KROSCONSOLE_PRINT_AT_LOCATION[m[Kâ€™
       [01;36m[KROSCONSOLE_PRINT_AT_LOCATION[m[K(__VA_ARGS__); \
       [01;36m[K^~~~~~~~~~~~~~~~~~~~~~~~~~~~[m[K
[01m[K/opt/ros/melodic/include/ros/console.h:572:35:[m[K [01;36m[Knote: [m[Kin expansion of macro â€˜[01m[KROS_LOG_COND[m[Kâ€™
 #define ROS_LOG(level, name, ...) [01;36m[KROS_LOG_COND[m[K(true, level, name, __VA_ARGS__)
                                   [01;36m[K^~~~~~~~~~~~[m[K
[01m[K/opt/ros/melodic/include/rosconsole/macros_generated.h:110:23:[m[K [01;36m[Knote: [m[Kin expansion of macro â€˜[01m[KROS_LOG[m[Kâ€™
 #define ROS_INFO(...) [01;36m[KROS_LOG[m[K(::ros::console::levels::Info, ROSCONSOLE_DEFAULT_NAME, __VA_ARGS__)
                       [01;36m[K^~~~~~~[m[K
[01m[K/home/mihirlaud/catkin_ws/src/offb/src/offb_node.cpp:81:17:[m[K [01;36m[Knote: [m[Kin expansion of macro â€˜[01m[KROS_INFO[m[Kâ€™
                 [01;36m[KR[m[KOS_INFO("%s", current_state.mode);
                 [01;36m[K^[m[K
make[2]: *** [CMakeFiles/offb_node.dir/src/offb_node.cpp.o] Error 1
make[1]: *** [CMakeFiles/offb_node.dir/all] Error 2
make: *** [all] Error 2
